[0.226s] DEBUG:colcon:Command line arguments: ['/usr/bin/colcon', 'build']
[0.226s] DEBUG:colcon:Parsed command line arguments: Namespace(ament_cmake_args=None, base_paths='.', build_base='build', catkin_cmake_args=None, catkin_skip_building_tests=False, cmake_args=None, cmake_clean_cache=False, cmake_clean_first=False, cmake_force_configure=False, cmake_target=None, cmake_target_skip_unavailable=False, continue_on_error=False, event_handlers=None, executor='parallel', ignore_user_meta=False, install_base='install', log_base=None, log_level=None, main=<bound method BuildVerb.main of <colcon_core.verb.build.BuildVerb object at 0x7f5f3ec21a90>>, merge_install=False, metas='./colcon.meta', packages_above=None, packages_above_depth=None, packages_end=None, packages_ignore=None, packages_ignore_regex=None, packages_select=None, packages_select_build_failed=False, packages_select_by_dep=None, packages_select_regex=None, packages_select_test_failures=False, packages_skip=None, packages_skip_build_finished=False, packages_skip_by_dep=None, packages_skip_regex=None, packages_skip_test_passed=False, packages_skip_up_to=None, packages_start=None, packages_up_to=None, parallel_workers=1, paths=None, symlink_install=False, test_result_base=None, verb_extension=<colcon_core.verb.build.BuildVerb object at 0x7f5f3ec21a90>, verb_name='build', verb_parser=<colcon_defaults.argument_parser.defaults.DefaultArgumentsDecorator object at 0x7f5f3ec21da0>)
[0.292s] Level 1:colcon.colcon_core.package_discovery:discover_packages(colcon_meta) check parameters
[0.293s] Level 1:colcon.colcon_core.package_discovery:discover_packages(recursive) check parameters
[0.293s] Level 1:colcon.colcon_core.package_discovery:discover_packages(ignore) check parameters
[0.298s] Level 1:colcon.colcon_core.package_discovery:discover_packages(path) check parameters
[0.299s] Level 1:colcon.colcon_core.package_discovery:discover_packages(recursive) discover
[0.299s] INFO:colcon.colcon_core.package_discovery:Crawling recursively for packages in '/home/bazookatooth/ROS2_WORK/learning_how_to_workspace'
[0.299s] Level 1:colcon.colcon_core.package_identification:_identify(/home/bazookatooth/ROS2_WORK/learning_how_to_workspace) by extensions ['ignore', 'ignore_ament_install']
[0.299s] Level 1:colcon.colcon_core.package_identification:_identify(/home/bazookatooth/ROS2_WORK/learning_how_to_workspace) by extension 'ignore'
[0.299s] Level 1:colcon.colcon_core.package_identification:_identify(/home/bazookatooth/ROS2_WORK/learning_how_to_workspace) by extension 'ignore_ament_install'
[0.299s] Level 1:colcon.colcon_core.package_identification:_identify(/home/bazookatooth/ROS2_WORK/learning_how_to_workspace) by extensions ['colcon_pkg']
[0.299s] Level 1:colcon.colcon_core.package_identification:_identify(/home/bazookatooth/ROS2_WORK/learning_how_to_workspace) by extension 'colcon_pkg'
[0.299s] Level 1:colcon.colcon_core.package_identification:_identify(/home/bazookatooth/ROS2_WORK/learning_how_to_workspace) by extensions ['colcon_meta']
[0.299s] Level 1:colcon.colcon_core.package_identification:_identify(/home/bazookatooth/ROS2_WORK/learning_how_to_workspace) by extension 'colcon_meta'
[0.299s] Level 1:colcon.colcon_core.package_identification:_identify(/home/bazookatooth/ROS2_WORK/learning_how_to_workspace) by extensions ['ros']
[0.300s] Level 1:colcon.colcon_core.package_identification:_identify(/home/bazookatooth/ROS2_WORK/learning_how_to_workspace) by extension 'ros'
[0.332s] Level 1:colcon.colcon_core.package_identification:_identify(/home/bazookatooth/ROS2_WORK/learning_how_to_workspace) by extensions ['cmake', 'python']
[0.333s] Level 1:colcon.colcon_core.package_identification:_identify(/home/bazookatooth/ROS2_WORK/learning_how_to_workspace) by extension 'cmake'
[0.334s] Level 1:colcon.colcon_core.package_identification:_identify(/home/bazookatooth/ROS2_WORK/learning_how_to_workspace) by extension 'python'
[0.336s] Level 1:colcon.colcon_core.package_identification:_identify(/home/bazookatooth/ROS2_WORK/learning_how_to_workspace) by extensions ['python_setup_py']
[0.336s] Level 1:colcon.colcon_core.package_identification:_identify(/home/bazookatooth/ROS2_WORK/learning_how_to_workspace) by extension 'python_setup_py'
[0.337s] Level 1:colcon.colcon_core.package_identification:_identify(/home/bazookatooth/ROS2_WORK/learning_how_to_workspace/build) by extensions ['ignore', 'ignore_ament_install']
[0.337s] Level 1:colcon.colcon_core.package_identification:_identify(/home/bazookatooth/ROS2_WORK/learning_how_to_workspace/build) by extension 'ignore'
[0.337s] Level 1:colcon.colcon_core.package_identification:_identify(/home/bazookatooth/ROS2_WORK/learning_how_to_workspace/build) ignored
[0.338s] Level 1:colcon.colcon_core.package_identification:_identify(/home/bazookatooth/ROS2_WORK/learning_how_to_workspace/install) by extensions ['ignore', 'ignore_ament_install']
[0.338s] Level 1:colcon.colcon_core.package_identification:_identify(/home/bazookatooth/ROS2_WORK/learning_how_to_workspace/install) by extension 'ignore'
[0.339s] Level 1:colcon.colcon_core.package_identification:_identify(/home/bazookatooth/ROS2_WORK/learning_how_to_workspace/install) ignored
[0.339s] Level 1:colcon.colcon_core.package_identification:_identify(/home/bazookatooth/ROS2_WORK/learning_how_to_workspace/log) by extensions ['ignore', 'ignore_ament_install']
[0.339s] Level 1:colcon.colcon_core.package_identification:_identify(/home/bazookatooth/ROS2_WORK/learning_how_to_workspace/log) by extension 'ignore'
[0.341s] Level 1:colcon.colcon_core.package_identification:_identify(/home/bazookatooth/ROS2_WORK/learning_how_to_workspace/log) ignored
[0.341s] Level 1:colcon.colcon_core.package_identification:_identify(/home/bazookatooth/ROS2_WORK/learning_how_to_workspace/src) by extensions ['ignore', 'ignore_ament_install']
[0.342s] Level 1:colcon.colcon_core.package_identification:_identify(/home/bazookatooth/ROS2_WORK/learning_how_to_workspace/src) by extension 'ignore'
[0.342s] Level 1:colcon.colcon_core.package_identification:_identify(/home/bazookatooth/ROS2_WORK/learning_how_to_workspace/src) by extension 'ignore_ament_install'
[0.342s] Level 1:colcon.colcon_core.package_identification:_identify(/home/bazookatooth/ROS2_WORK/learning_how_to_workspace/src) by extensions ['colcon_pkg']
[0.344s] Level 1:colcon.colcon_core.package_identification:_identify(/home/bazookatooth/ROS2_WORK/learning_how_to_workspace/src) by extension 'colcon_pkg'
[0.344s] Level 1:colcon.colcon_core.package_identification:_identify(/home/bazookatooth/ROS2_WORK/learning_how_to_workspace/src) by extensions ['colcon_meta']
[0.344s] Level 1:colcon.colcon_core.package_identification:_identify(/home/bazookatooth/ROS2_WORK/learning_how_to_workspace/src) by extension 'colcon_meta'
[0.344s] Level 1:colcon.colcon_core.package_identification:_identify(/home/bazookatooth/ROS2_WORK/learning_how_to_workspace/src) by extensions ['ros']
[0.344s] Level 1:colcon.colcon_core.package_identification:_identify(/home/bazookatooth/ROS2_WORK/learning_how_to_workspace/src) by extension 'ros'
[0.344s] Level 1:colcon.colcon_core.package_identification:_identify(/home/bazookatooth/ROS2_WORK/learning_how_to_workspace/src) by extensions ['cmake', 'python']
[0.344s] Level 1:colcon.colcon_core.package_identification:_identify(/home/bazookatooth/ROS2_WORK/learning_how_to_workspace/src) by extension 'cmake'
[0.344s] Level 1:colcon.colcon_core.package_identification:_identify(/home/bazookatooth/ROS2_WORK/learning_how_to_workspace/src) by extension 'python'
[0.344s] Level 1:colcon.colcon_core.package_identification:_identify(/home/bazookatooth/ROS2_WORK/learning_how_to_workspace/src) by extensions ['python_setup_py']
[0.344s] Level 1:colcon.colcon_core.package_identification:_identify(/home/bazookatooth/ROS2_WORK/learning_how_to_workspace/src) by extension 'python_setup_py'
[0.344s] Level 1:colcon.colcon_core.package_identification:_identify(/home/bazookatooth/ROS2_WORK/learning_how_to_workspace/src/numbers_fun) by extensions ['ignore', 'ignore_ament_install']
[0.345s] Level 1:colcon.colcon_core.package_identification:_identify(/home/bazookatooth/ROS2_WORK/learning_how_to_workspace/src/numbers_fun) by extension 'ignore'
[0.345s] Level 1:colcon.colcon_core.package_identification:_identify(/home/bazookatooth/ROS2_WORK/learning_how_to_workspace/src/numbers_fun) by extension 'ignore_ament_install'
[0.345s] Level 1:colcon.colcon_core.package_identification:_identify(/home/bazookatooth/ROS2_WORK/learning_how_to_workspace/src/numbers_fun) by extensions ['colcon_pkg']
[0.345s] Level 1:colcon.colcon_core.package_identification:_identify(/home/bazookatooth/ROS2_WORK/learning_how_to_workspace/src/numbers_fun) by extension 'colcon_pkg'
[0.345s] Level 1:colcon.colcon_core.package_identification:_identify(/home/bazookatooth/ROS2_WORK/learning_how_to_workspace/src/numbers_fun) by extensions ['colcon_meta']
[0.345s] Level 1:colcon.colcon_core.package_identification:_identify(/home/bazookatooth/ROS2_WORK/learning_how_to_workspace/src/numbers_fun) by extension 'colcon_meta'
[0.345s] Level 1:colcon.colcon_core.package_identification:_identify(/home/bazookatooth/ROS2_WORK/learning_how_to_workspace/src/numbers_fun) by extensions ['ros']
[0.345s] Level 1:colcon.colcon_core.package_identification:_identify(/home/bazookatooth/ROS2_WORK/learning_how_to_workspace/src/numbers_fun) by extension 'ros'
[0.352s] DEBUG:colcon.colcon_core.package_identification:Package '/home/bazookatooth/ROS2_WORK/learning_how_to_workspace/src/numbers_fun' with type 'ros.ament_cmake' and name 'numbers_fun'
[0.353s] Level 1:colcon.colcon_core.package_discovery:discover_packages(recursive) using defaults
[0.369s] Level 5:colcon.colcon_core.verb:set package 'numbers_fun' build argument 'cmake_args' from command line to 'None'
[0.370s] Level 5:colcon.colcon_core.verb:set package 'numbers_fun' build argument 'cmake_target' from command line to 'None'
[0.370s] Level 5:colcon.colcon_core.verb:set package 'numbers_fun' build argument 'cmake_target_skip_unavailable' from command line to 'False'
[0.370s] Level 5:colcon.colcon_core.verb:set package 'numbers_fun' build argument 'cmake_clean_cache' from command line to 'False'
[0.371s] Level 5:colcon.colcon_core.verb:set package 'numbers_fun' build argument 'cmake_clean_first' from command line to 'False'
[0.371s] Level 5:colcon.colcon_core.verb:set package 'numbers_fun' build argument 'cmake_force_configure' from command line to 'False'
[0.372s] Level 5:colcon.colcon_core.verb:set package 'numbers_fun' build argument 'ament_cmake_args' from command line to 'None'
[0.372s] Level 5:colcon.colcon_core.verb:set package 'numbers_fun' build argument 'catkin_cmake_args' from command line to 'None'
[0.372s] Level 5:colcon.colcon_core.verb:set package 'numbers_fun' build argument 'catkin_skip_building_tests' from command line to 'False'
[0.372s] DEBUG:colcon.colcon_core.verb:Building package 'numbers_fun' with the following arguments: {'ament_cmake_args': None, 'build_base': '/home/bazookatooth/ROS2_WORK/learning_how_to_workspace/build/numbers_fun', 'catkin_cmake_args': None, 'catkin_skip_building_tests': False, 'cmake_args': None, 'cmake_clean_cache': False, 'cmake_clean_first': False, 'cmake_force_configure': False, 'cmake_target': None, 'cmake_target_skip_unavailable': False, 'install_base': '/home/bazookatooth/ROS2_WORK/learning_how_to_workspace/install/numbers_fun', 'merge_install': False, 'path': '/home/bazookatooth/ROS2_WORK/learning_how_to_workspace/src/numbers_fun', 'symlink_install': False, 'test_result_base': None}
[0.373s] INFO:colcon.colcon_core.executor:Executing jobs using 'parallel' executor
[0.377s] DEBUG:colcon.colcon_parallel_executor.executor.parallel:run_until_complete
[0.378s] INFO:colcon.colcon_ros.task.ament_cmake.build:Building ROS package in '/home/bazookatooth/ROS2_WORK/learning_how_to_workspace/src/numbers_fun' with build type 'ament_cmake'
[0.396s] INFO:colcon.colcon_core.plugin_system:Skipping extension 'colcon_core.shell.bat': Not used on non-Windows systems
[0.397s] INFO:colcon.colcon_cmake.task.cmake.build:Building CMake package in '/home/bazookatooth/ROS2_WORK/learning_how_to_workspace/src/numbers_fun'
[0.398s] INFO:colcon.colcon_core.shell:Skip shell extension 'powershell' for command environment: Not usable outside of PowerShell
[0.398s] DEBUG:colcon.colcon_core.shell:Skip shell extension 'dsv' for command environment
[0.409s] DEBUG:colcon.colcon_core.shell:Ignoring prefix path '/opt/ros/eloquent'
[0.430s] DEBUG:colcon.colcon_core.event_handler.log_command:Invoking command in '/home/bazookatooth/ROS2_WORK/learning_how_to_workspace/build/numbers_fun': CMAKE_PREFIX_PATH=${CMAKE_PREFIX_PATH}:/home/bazookatooth/ROS2_WORK/example_ros2_workspace/install/examples_rclpy_minimal_subscriber:/home/bazookatooth/ROS2_WORK/example_ros2_workspace/install/examples_rclpy_minimal_service:/home/bazookatooth/ROS2_WORK/example_ros2_workspace/install/examples_rclpy_minimal_publisher:/home/bazookatooth/ROS2_WORK/example_ros2_workspace/install/examples_rclpy_minimal_client:/home/bazookatooth/ROS2_WORK/example_ros2_workspace/install/examples_rclpy_minimal_action_server:/home/bazookatooth/ROS2_WORK/example_ros2_workspace/install/examples_rclpy_minimal_action_client:/home/bazookatooth/ROS2_WORK/example_ros2_workspace/install/examples_rclpy_executors:/opt/ros/eloquent /usr/bin/cmake --build /home/bazookatooth/ROS2_WORK/learning_how_to_workspace/build/numbers_fun -- -j1 -l1
[5.554s] DEBUG:colcon.colcon_core.event_handler.log_command:Invoked command in '/home/bazookatooth/ROS2_WORK/learning_how_to_workspace/build/numbers_fun' returned '2': CMAKE_PREFIX_PATH=${CMAKE_PREFIX_PATH}:/home/bazookatooth/ROS2_WORK/example_ros2_workspace/install/examples_rclpy_minimal_subscriber:/home/bazookatooth/ROS2_WORK/example_ros2_workspace/install/examples_rclpy_minimal_service:/home/bazookatooth/ROS2_WORK/example_ros2_workspace/install/examples_rclpy_minimal_publisher:/home/bazookatooth/ROS2_WORK/example_ros2_workspace/install/examples_rclpy_minimal_client:/home/bazookatooth/ROS2_WORK/example_ros2_workspace/install/examples_rclpy_minimal_action_server:/home/bazookatooth/ROS2_WORK/example_ros2_workspace/install/examples_rclpy_minimal_action_client:/home/bazookatooth/ROS2_WORK/example_ros2_workspace/install/examples_rclpy_executors:/opt/ros/eloquent /usr/bin/cmake --build /home/bazookatooth/ROS2_WORK/learning_how_to_workspace/build/numbers_fun -- -j1 -l1
[5.558s] DEBUG:colcon.colcon_parallel_executor.executor.parallel:closing loop
[5.558s] DEBUG:colcon.colcon_parallel_executor.executor.parallel:loop closed
[5.558s] DEBUG:colcon.colcon_parallel_executor.executor.parallel:run_until_complete finished with '2'
[5.558s] DEBUG:colcon.colcon_core.event_reactor:joining thread
[5.580s] INFO:colcon.colcon_core.plugin_system:Skipping extension 'colcon_notification.desktop_notification.terminal_notifier': Not used on non-Darwin systems
[5.580s] INFO:colcon.colcon_core.plugin_system:Skipping extension 'colcon_notification.desktop_notification.win32': Not used on non-Windows systems
[5.581s] INFO:colcon.colcon_notification.desktop_notification:Sending desktop notification using 'notify2'
[5.585s] DEBUG:colcon.colcon_core.event_reactor:joined thread
[5.589s] INFO:colcon.colcon_core.shell:Creating prefix script '/home/bazookatooth/ROS2_WORK/learning_how_to_workspace/install/local_setup.ps1'
[5.597s] INFO:colcon.colcon_core.shell:Creating prefix util module '/home/bazookatooth/ROS2_WORK/learning_how_to_workspace/install/_local_setup_util_ps1.py'
[5.601s] INFO:colcon.colcon_core.shell:Creating prefix chain script '/home/bazookatooth/ROS2_WORK/learning_how_to_workspace/install/setup.ps1'
[5.610s] INFO:colcon.colcon_core.shell:Creating prefix script '/home/bazookatooth/ROS2_WORK/learning_how_to_workspace/install/local_setup.sh'
[5.615s] INFO:colcon.colcon_core.shell:Creating prefix util module '/home/bazookatooth/ROS2_WORK/learning_how_to_workspace/install/_local_setup_util_sh.py'
[5.615s] INFO:colcon.colcon_core.shell:Creating prefix chain script '/home/bazookatooth/ROS2_WORK/learning_how_to_workspace/install/setup.sh'
[5.623s] INFO:colcon.colcon_core.shell:Creating prefix script '/home/bazookatooth/ROS2_WORK/learning_how_to_workspace/install/local_setup.bash'
[5.629s] INFO:colcon.colcon_core.shell:Creating prefix chain script '/home/bazookatooth/ROS2_WORK/learning_how_to_workspace/install/setup.bash'
[5.639s] INFO:colcon.colcon_core.shell:Creating prefix script '/home/bazookatooth/ROS2_WORK/learning_how_to_workspace/install/local_setup.zsh'
[5.642s] INFO:colcon.colcon_core.shell:Creating prefix chain script '/home/bazookatooth/ROS2_WORK/learning_how_to_workspace/install/setup.zsh'
