[0.023s] Invoking command in '/home/bazookatooth/ROS2_WORK/learning_how_to_workspace/build/numbers_fun': CMAKE_PREFIX_PATH=${CMAKE_PREFIX_PATH}:/home/bazookatooth/ROS2_WORK/example_ros2_workspace/install/examples_rclpy_minimal_subscriber:/home/bazookatooth/ROS2_WORK/example_ros2_workspace/install/examples_rclpy_minimal_service:/home/bazookatooth/ROS2_WORK/example_ros2_workspace/install/examples_rclpy_minimal_publisher:/home/bazookatooth/ROS2_WORK/example_ros2_workspace/install/examples_rclpy_minimal_client:/home/bazookatooth/ROS2_WORK/example_ros2_workspace/install/examples_rclpy_minimal_action_server:/home/bazookatooth/ROS2_WORK/example_ros2_workspace/install/examples_rclpy_minimal_action_client:/home/bazookatooth/ROS2_WORK/example_ros2_workspace/install/examples_rclpy_executors:/opt/ros/eloquent /usr/bin/cmake --build /home/bazookatooth/ROS2_WORK/learning_how_to_workspace/build/numbers_fun -- -j1 -l1
[0.127s] [ 50%] Built target listener
[0.145s] [35m[1mScanning dependencies of target talker[0m
[0.189s] [ 75%] [32mBuilding CXX object CMakeFiles/talker.dir/src/numbers_fun_publisher.cpp.o[0m
[2.910s] [100%] [32m[1mLinking CXX executable talker[0m
[3.097s] [100%] Built target talker
[3.118s] Invoked command in '/home/bazookatooth/ROS2_WORK/learning_how_to_workspace/build/numbers_fun' returned '0': CMAKE_PREFIX_PATH=${CMAKE_PREFIX_PATH}:/home/bazookatooth/ROS2_WORK/example_ros2_workspace/install/examples_rclpy_minimal_subscriber:/home/bazookatooth/ROS2_WORK/example_ros2_workspace/install/examples_rclpy_minimal_service:/home/bazookatooth/ROS2_WORK/example_ros2_workspace/install/examples_rclpy_minimal_publisher:/home/bazookatooth/ROS2_WORK/example_ros2_workspace/install/examples_rclpy_minimal_client:/home/bazookatooth/ROS2_WORK/example_ros2_workspace/install/examples_rclpy_minimal_action_server:/home/bazookatooth/ROS2_WORK/example_ros2_workspace/install/examples_rclpy_minimal_action_client:/home/bazookatooth/ROS2_WORK/example_ros2_workspace/install/examples_rclpy_executors:/opt/ros/eloquent /usr/bin/cmake --build /home/bazookatooth/ROS2_WORK/learning_how_to_workspace/build/numbers_fun -- -j1 -l1
[3.148s] Invoking command in '/home/bazookatooth/ROS2_WORK/learning_how_to_workspace/build/numbers_fun': CMAKE_PREFIX_PATH=${CMAKE_PREFIX_PATH}:/home/bazookatooth/ROS2_WORK/example_ros2_workspace/install/examples_rclpy_minimal_subscriber:/home/bazookatooth/ROS2_WORK/example_ros2_workspace/install/examples_rclpy_minimal_service:/home/bazookatooth/ROS2_WORK/example_ros2_workspace/install/examples_rclpy_minimal_publisher:/home/bazookatooth/ROS2_WORK/example_ros2_workspace/install/examples_rclpy_minimal_client:/home/bazookatooth/ROS2_WORK/example_ros2_workspace/install/examples_rclpy_minimal_action_server:/home/bazookatooth/ROS2_WORK/example_ros2_workspace/install/examples_rclpy_minimal_action_client:/home/bazookatooth/ROS2_WORK/example_ros2_workspace/install/examples_rclpy_executors:/opt/ros/eloquent /usr/bin/cmake --build /home/bazookatooth/ROS2_WORK/learning_how_to_workspace/build/numbers_fun --target install -- -j1 -l1
[3.214s] [ 50%] Built target listener
[3.246s] [100%] Built target talker
[3.276s] [36mInstall the project...[0m
[3.287s] -- Install configuration: ""
[3.291s] -- Installing: /home/bazookatooth/ROS2_WORK/learning_how_to_workspace/install/numbers_fun/lib/numbers_fun/talker
[3.294s] -- Set runtime path of "/home/bazookatooth/ROS2_WORK/learning_how_to_workspace/install/numbers_fun/lib/numbers_fun/talker" to ""
[3.294s] -- Installing: /home/bazookatooth/ROS2_WORK/learning_how_to_workspace/install/numbers_fun/lib/numbers_fun/listener
[3.298s] -- Set runtime path of "/home/bazookatooth/ROS2_WORK/learning_how_to_workspace/install/numbers_fun/lib/numbers_fun/listener" to ""
[3.299s] -- Installing: /home/bazookatooth/ROS2_WORK/learning_how_to_workspace/install/numbers_fun/share/ament_index/resource_index/package_run_dependencies/numbers_fun
[3.301s] -- Installing: /home/bazookatooth/ROS2_WORK/learning_how_to_workspace/install/numbers_fun/share/ament_index/resource_index/parent_prefix_path/numbers_fun
[3.302s] -- Installing: /home/bazookatooth/ROS2_WORK/learning_how_to_workspace/install/numbers_fun/share/numbers_fun/environment/ament_prefix_path.sh
[3.303s] -- Installing: /home/bazookatooth/ROS2_WORK/learning_how_to_workspace/install/numbers_fun/share/numbers_fun/environment/ament_prefix_path.dsv
[3.303s] -- Installing: /home/bazookatooth/ROS2_WORK/learning_how_to_workspace/install/numbers_fun/share/numbers_fun/environment/path.sh
[3.304s] -- Installing: /home/bazookatooth/ROS2_WORK/learning_how_to_workspace/install/numbers_fun/share/numbers_fun/environment/path.dsv
[3.305s] -- Installing: /home/bazookatooth/ROS2_WORK/learning_how_to_workspace/install/numbers_fun/share/numbers_fun/local_setup.bash
[3.306s] -- Installing: /home/bazookatooth/ROS2_WORK/learning_how_to_workspace/install/numbers_fun/share/numbers_fun/local_setup.sh
[3.306s] -- Installing: /home/bazookatooth/ROS2_WORK/learning_how_to_workspace/install/numbers_fun/share/numbers_fun/local_setup.zsh
[3.307s] -- Installing: /home/bazookatooth/ROS2_WORK/learning_how_to_workspace/install/numbers_fun/share/numbers_fun/local_setup.dsv
[3.308s] -- Installing: /home/bazookatooth/ROS2_WORK/learning_how_to_workspace/install/numbers_fun/share/numbers_fun/package.dsv
[3.308s] -- Installing: /home/bazookatooth/ROS2_WORK/learning_how_to_workspace/install/numbers_fun/share/ament_index/resource_index/packages/numbers_fun
[3.309s] -- Installing: /home/bazookatooth/ROS2_WORK/learning_how_to_workspace/install/numbers_fun/share/numbers_fun/cmake/numbers_funConfig.cmake
[3.310s] -- Installing: /home/bazookatooth/ROS2_WORK/learning_how_to_workspace/install/numbers_fun/share/numbers_fun/cmake/numbers_funConfig-version.cmake
[3.310s] -- Installing: /home/bazookatooth/ROS2_WORK/learning_how_to_workspace/install/numbers_fun/share/numbers_fun/package.xml
[3.317s] Invoked command in '/home/bazookatooth/ROS2_WORK/learning_how_to_workspace/build/numbers_fun' returned '0': CMAKE_PREFIX_PATH=${CMAKE_PREFIX_PATH}:/home/bazookatooth/ROS2_WORK/example_ros2_workspace/install/examples_rclpy_minimal_subscriber:/home/bazookatooth/ROS2_WORK/example_ros2_workspace/install/examples_rclpy_minimal_service:/home/bazookatooth/ROS2_WORK/example_ros2_workspace/install/examples_rclpy_minimal_publisher:/home/bazookatooth/ROS2_WORK/example_ros2_workspace/install/examples_rclpy_minimal_client:/home/bazookatooth/ROS2_WORK/example_ros2_workspace/install/examples_rclpy_minimal_action_server:/home/bazookatooth/ROS2_WORK/example_ros2_workspace/install/examples_rclpy_minimal_action_client:/home/bazookatooth/ROS2_WORK/example_ros2_workspace/install/examples_rclpy_executors:/opt/ros/eloquent /usr/bin/cmake --build /home/bazookatooth/ROS2_WORK/learning_how_to_workspace/build/numbers_fun --target install -- -j1 -l1
