[0.020s] Invoking command in '/home/bazookatooth/ROS2_WORK/learning_how_to_workspace/build/numbers_fun': CMAKE_PREFIX_PATH=${CMAKE_PREFIX_PATH}:/home/bazookatooth/ROS2_WORK/example_ros2_workspace/install/examples_rclpy_minimal_subscriber:/home/bazookatooth/ROS2_WORK/example_ros2_workspace/install/examples_rclpy_minimal_service:/home/bazookatooth/ROS2_WORK/example_ros2_workspace/install/examples_rclpy_minimal_publisher:/home/bazookatooth/ROS2_WORK/example_ros2_workspace/install/examples_rclpy_minimal_client:/home/bazookatooth/ROS2_WORK/example_ros2_workspace/install/examples_rclpy_minimal_action_server:/home/bazookatooth/ROS2_WORK/example_ros2_workspace/install/examples_rclpy_minimal_action_client:/home/bazookatooth/ROS2_WORK/example_ros2_workspace/install/examples_rclpy_executors:/opt/ros/eloquent /usr/bin/cmake /home/bazookatooth/ROS2_WORK/learning_how_to_workspace/src/numbers_fun -DCMAKE_INSTALL_PREFIX=/home/bazookatooth/ROS2_WORK/learning_how_to_workspace/install/numbers_fun
[0.044s] -- Found ament_cmake: 0.8.2 (/opt/ros/eloquent/share/ament_cmake/cmake)
[0.077s] -- Using PYTHON_EXECUTABLE: /usr/bin/python3
[0.266s] -- Found rclcpp: 0.8.3 (/opt/ros/eloquent/share/rclcpp/cmake)
[0.279s] -- Found rosidl_adapter: 0.8.1 (/opt/ros/eloquent/share/rosidl_adapter/cmake)
[0.311s] -- Found rmw_implementation_cmake: 0.8.1 (/opt/ros/eloquent/share/rmw_implementation_cmake/cmake)
[0.318s] -- Using RMW implementation 'rmw_fastrtps_cpp' as default
[0.349s] -- Found std_msgs: 0.8.1 (/opt/ros/eloquent/share/std_msgs/cmake)
[0.357s] CMake Error at CMakeLists.txt:19 (add_executable):
[0.362s]   The target name "talker," is reserved or not valid for certain CMake
[0.362s]   features, such as generator expressions, and may result in undefined
[0.362s]   behavior.
[0.362s] 
[0.362s] 
[0.363s] CMake Error at /opt/ros/eloquent/share/ament_cmake_target_dependencies/cmake/ament_target_dependencies.cmake:35 (message):
[0.363s]   ament_target_dependencies() the first argument must be a valid target name
[0.363s] Call Stack (most recent call first):
[0.363s]   CMakeLists.txt:20 (ament_target_dependencies)
[0.363s] 
[0.363s] 
[0.364s] -- Configuring incomplete, errors occurred!
[0.369s] See also "/home/bazookatooth/ROS2_WORK/learning_how_to_workspace/build/numbers_fun/CMakeFiles/CMakeOutput.log".
[0.369s] See also "/home/bazookatooth/ROS2_WORK/learning_how_to_workspace/build/numbers_fun/CMakeFiles/CMakeError.log".
[0.372s] Invoked command in '/home/bazookatooth/ROS2_WORK/learning_how_to_workspace/build/numbers_fun' returned '1': CMAKE_PREFIX_PATH=${CMAKE_PREFIX_PATH}:/home/bazookatooth/ROS2_WORK/example_ros2_workspace/install/examples_rclpy_minimal_subscriber:/home/bazookatooth/ROS2_WORK/example_ros2_workspace/install/examples_rclpy_minimal_service:/home/bazookatooth/ROS2_WORK/example_ros2_workspace/install/examples_rclpy_minimal_publisher:/home/bazookatooth/ROS2_WORK/example_ros2_workspace/install/examples_rclpy_minimal_client:/home/bazookatooth/ROS2_WORK/example_ros2_workspace/install/examples_rclpy_minimal_action_server:/home/bazookatooth/ROS2_WORK/example_ros2_workspace/install/examples_rclpy_minimal_action_client:/home/bazookatooth/ROS2_WORK/example_ros2_workspace/install/examples_rclpy_executors:/opt/ros/eloquent /usr/bin/cmake /home/bazookatooth/ROS2_WORK/learning_how_to_workspace/src/numbers_fun -DCMAKE_INSTALL_PREFIX=/home/bazookatooth/ROS2_WORK/learning_how_to_workspace/install/numbers_fun
