[0.140s] DEBUG:colcon:Command line arguments: ['/usr/bin/colcon', 'build']
[0.140s] DEBUG:colcon:Parsed command line arguments: Namespace(ament_cmake_args=None, base_paths='.', build_base='build', catkin_cmake_args=None, catkin_skip_building_tests=False, cmake_args=None, cmake_clean_cache=False, cmake_clean_first=False, cmake_force_configure=False, cmake_target=None, cmake_target_skip_unavailable=False, continue_on_error=False, event_handlers=None, executor='parallel', ignore_user_meta=False, install_base='install', log_base=None, log_level=None, main=<bound method BuildVerb.main of <colcon_core.verb.build.BuildVerb object at 0x7f2d338c9b38>>, merge_install=False, metas='./colcon.meta', packages_above=None, packages_above_depth=None, packages_end=None, packages_ignore=None, packages_ignore_regex=None, packages_select=None, packages_select_build_failed=False, packages_select_by_dep=None, packages_select_regex=None, packages_select_test_failures=False, packages_skip=None, packages_skip_build_finished=False, packages_skip_by_dep=None, packages_skip_regex=None, packages_skip_test_passed=False, packages_skip_up_to=None, packages_start=None, packages_up_to=None, parallel_workers=1, paths=None, symlink_install=False, test_result_base=None, verb_extension=<colcon_core.verb.build.BuildVerb object at 0x7f2d338c9b38>, verb_name='build', verb_parser=<colcon_defaults.argument_parser.defaults.DefaultArgumentsDecorator object at 0x7f2d338c9e48>)
[0.179s] Level 1:colcon.colcon_core.package_discovery:discover_packages(colcon_meta) check parameters
[0.179s] Level 1:colcon.colcon_core.package_discovery:discover_packages(recursive) check parameters
[0.179s] Level 1:colcon.colcon_core.package_discovery:discover_packages(ignore) check parameters
[0.179s] Level 1:colcon.colcon_core.package_discovery:discover_packages(path) check parameters
[0.179s] Level 1:colcon.colcon_core.package_discovery:discover_packages(recursive) discover
[0.180s] INFO:colcon.colcon_core.package_discovery:Crawling recursively for packages in '/home/bazookatooth/ROS2_WORK/learning_how_to_workspace'
[0.180s] Level 1:colcon.colcon_core.package_identification:_identify(/home/bazookatooth/ROS2_WORK/learning_how_to_workspace) by extensions ['ignore', 'ignore_ament_install']
[0.180s] Level 1:colcon.colcon_core.package_identification:_identify(/home/bazookatooth/ROS2_WORK/learning_how_to_workspace) by extension 'ignore'
[0.180s] Level 1:colcon.colcon_core.package_identification:_identify(/home/bazookatooth/ROS2_WORK/learning_how_to_workspace) by extension 'ignore_ament_install'
[0.180s] Level 1:colcon.colcon_core.package_identification:_identify(/home/bazookatooth/ROS2_WORK/learning_how_to_workspace) by extensions ['colcon_pkg']
[0.180s] Level 1:colcon.colcon_core.package_identification:_identify(/home/bazookatooth/ROS2_WORK/learning_how_to_workspace) by extension 'colcon_pkg'
[0.180s] Level 1:colcon.colcon_core.package_identification:_identify(/home/bazookatooth/ROS2_WORK/learning_how_to_workspace) by extensions ['colcon_meta']
[0.180s] Level 1:colcon.colcon_core.package_identification:_identify(/home/bazookatooth/ROS2_WORK/learning_how_to_workspace) by extension 'colcon_meta'
[0.180s] Level 1:colcon.colcon_core.package_identification:_identify(/home/bazookatooth/ROS2_WORK/learning_how_to_workspace) by extensions ['ros']
[0.180s] Level 1:colcon.colcon_core.package_identification:_identify(/home/bazookatooth/ROS2_WORK/learning_how_to_workspace) by extension 'ros'
[0.195s] Level 1:colcon.colcon_core.package_identification:_identify(/home/bazookatooth/ROS2_WORK/learning_how_to_workspace) by extensions ['cmake', 'python']
[0.195s] Level 1:colcon.colcon_core.package_identification:_identify(/home/bazookatooth/ROS2_WORK/learning_how_to_workspace) by extension 'cmake'
[0.195s] Level 1:colcon.colcon_core.package_identification:_identify(/home/bazookatooth/ROS2_WORK/learning_how_to_workspace) by extension 'python'
[0.195s] Level 1:colcon.colcon_core.package_identification:_identify(/home/bazookatooth/ROS2_WORK/learning_how_to_workspace) by extensions ['python_setup_py']
[0.195s] Level 1:colcon.colcon_core.package_identification:_identify(/home/bazookatooth/ROS2_WORK/learning_how_to_workspace) by extension 'python_setup_py'
[0.195s] Level 1:colcon.colcon_core.package_identification:_identify(/home/bazookatooth/ROS2_WORK/learning_how_to_workspace/build) by extensions ['ignore', 'ignore_ament_install']
[0.195s] Level 1:colcon.colcon_core.package_identification:_identify(/home/bazookatooth/ROS2_WORK/learning_how_to_workspace/build) by extension 'ignore'
[0.195s] Level 1:colcon.colcon_core.package_identification:_identify(/home/bazookatooth/ROS2_WORK/learning_how_to_workspace/build) ignored
[0.196s] Level 1:colcon.colcon_core.package_identification:_identify(/home/bazookatooth/ROS2_WORK/learning_how_to_workspace/install) by extensions ['ignore', 'ignore_ament_install']
[0.196s] Level 1:colcon.colcon_core.package_identification:_identify(/home/bazookatooth/ROS2_WORK/learning_how_to_workspace/install) by extension 'ignore'
[0.196s] Level 1:colcon.colcon_core.package_identification:_identify(/home/bazookatooth/ROS2_WORK/learning_how_to_workspace/install) ignored
[0.196s] Level 1:colcon.colcon_core.package_identification:_identify(/home/bazookatooth/ROS2_WORK/learning_how_to_workspace/log) by extensions ['ignore', 'ignore_ament_install']
[0.196s] Level 1:colcon.colcon_core.package_identification:_identify(/home/bazookatooth/ROS2_WORK/learning_how_to_workspace/log) by extension 'ignore'
[0.196s] Level 1:colcon.colcon_core.package_identification:_identify(/home/bazookatooth/ROS2_WORK/learning_how_to_workspace/log) ignored
[0.196s] Level 1:colcon.colcon_core.package_discovery:discover_packages(recursive) using defaults
[0.199s] INFO:colcon.colcon_core.executor:Executing jobs using 'parallel' executor
[0.201s] DEBUG:colcon.colcon_parallel_executor.executor.parallel:run_until_complete
[0.201s] DEBUG:colcon.colcon_parallel_executor.executor.parallel:closing loop
[0.201s] DEBUG:colcon.colcon_parallel_executor.executor.parallel:loop closed
[0.201s] DEBUG:colcon.colcon_parallel_executor.executor.parallel:run_until_complete finished with '0'
[0.201s] DEBUG:colcon.colcon_core.event_reactor:joining thread
[0.209s] INFO:colcon.colcon_core.plugin_system:Skipping extension 'colcon_notification.desktop_notification.terminal_notifier': Not used on non-Darwin systems
[0.209s] INFO:colcon.colcon_core.plugin_system:Skipping extension 'colcon_notification.desktop_notification.win32': Not used on non-Windows systems
[0.209s] INFO:colcon.colcon_notification.desktop_notification:Sending desktop notification using 'notify2'
[0.216s] DEBUG:colcon.colcon_core.event_reactor:joined thread
[0.225s] INFO:colcon.colcon_core.plugin_system:Skipping extension 'colcon_core.shell.bat': Not used on non-Windows systems
[0.228s] INFO:colcon.colcon_core.shell:Creating prefix script '/home/bazookatooth/ROS2_WORK/learning_how_to_workspace/install/local_setup.ps1'
[0.230s] INFO:colcon.colcon_core.shell:Creating prefix util module '/home/bazookatooth/ROS2_WORK/learning_how_to_workspace/install/_local_setup_util_ps1.py'
[0.233s] INFO:colcon.colcon_core.shell:Creating prefix chain script '/home/bazookatooth/ROS2_WORK/learning_how_to_workspace/install/setup.ps1'
[0.242s] INFO:colcon.colcon_core.shell:Creating prefix script '/home/bazookatooth/ROS2_WORK/learning_how_to_workspace/install/local_setup.sh'
[0.243s] INFO:colcon.colcon_core.shell:Creating prefix util module '/home/bazookatooth/ROS2_WORK/learning_how_to_workspace/install/_local_setup_util_sh.py'
[0.244s] INFO:colcon.colcon_core.shell:Creating prefix chain script '/home/bazookatooth/ROS2_WORK/learning_how_to_workspace/install/setup.sh'
[0.250s] INFO:colcon.colcon_core.shell:Creating prefix script '/home/bazookatooth/ROS2_WORK/learning_how_to_workspace/install/local_setup.bash'
[0.250s] INFO:colcon.colcon_core.shell:Creating prefix chain script '/home/bazookatooth/ROS2_WORK/learning_how_to_workspace/install/setup.bash'
[0.257s] INFO:colcon.colcon_core.shell:Creating prefix script '/home/bazookatooth/ROS2_WORK/learning_how_to_workspace/install/local_setup.zsh'
[0.258s] INFO:colcon.colcon_core.shell:Creating prefix chain script '/home/bazookatooth/ROS2_WORK/learning_how_to_workspace/install/setup.zsh'
